[32mRUNNING PROTOCOL -----------------[0m
Hostname: ip-172-31-13-159.eu-west-1.compute.internal
PID: 13160
pyworkflow: 3.0.6
plugin: xmipp3
currentDir: /home/scipion/ScipionUserData/projects/Example_10248_Scipion3
workingDir: Runs/010857_XmippProtDeepRes
runMode: Continue
          MPI: 1
      threads: 1
updating environ to select gpu 0
 Starting at step: 1
 Running steps 
[35mSTARTED[0m: convertInputStep, step 1, time 2020-11-16 12:46:37.157346
[35mFINISHED[0m: convertInputStep, step 1, time 2020-11-16 12:46:37.160753
[35mSTARTED[0m: transformStep, step 2, time 2020-11-16 12:46:37.167449
[32mxmipp_transform_morphology  -i Runs/010749_XmippProtCreateMask3D/mask.vol -o Runs/010857_XmippProtDeepRes/tmp/Mask_dilate.vol  --binaryOperation dilation --size 1 [0m
Performing a Dilation
Size=1
Neighbourhood2D=8
Neighbourhood3D=18
Count=0
Initially the image has 1.40121e+06 pixels set to 1
Finally the image has 1.75169e+06 pixels set to 1
[32mxmipp_image_operate  -i Runs/010450_XmippProtReconstructHighRes/extra/Iter001/volumeAvg.mrc:mrc --mult Runs/010857_XmippProtDeepRes/tmp/Mask_dilate.vol -o Runs/010857_XmippProtDeepRes/tmp/operateVolume.vol[0m
Input File: Runs/010450_XmippProtReconstructHighRes/extra/Iter001/volumeAvg.mrc:mrc
Output File: Runs/010857_XmippProtDeepRes/tmp/operateVolume.vol
[35mFINISHED[0m: transformStep, step 2, time 2020-11-16 12:46:38.086029
[35mSTARTED[0m: resizeStep, step 3, time 2020-11-16 12:46:38.093979
[32mxmipp_transform_filter  -i Runs/010749_XmippProtCreateMask3D/mask.vol -o Runs/010857_XmippProtDeepRes/extra/binaryMask.vol --fourier low_pass 0.37125[0m
Filter Band: Lowpass before 0.37125
Filter Shape: Raised cosine with 0.02 raised frequencies
Input File: Runs/010749_XmippProtCreateMask3D/mask.vol
Output File: Runs/010857_XmippProtDeepRes/extra/binaryMask.vol
[32mxmipp_image_resize  -i Runs/010857_XmippProtDeepRes/extra/binaryMask.vol -o Runs/010857_XmippProtDeepRes/extra/binaryMask.vol --factor 0.7425[0m
[1;35m=== XMIPP_WARNING ===
Do not apply large scale factor using B-splines choose fourier option.[0m
Input File: Runs/010857_XmippProtDeepRes/extra/binaryMask.vol
Output File: Runs/010857_XmippProtDeepRes/extra/binaryMask.vol
[32mxmipp_transform_filter  -i Runs/010857_XmippProtDeepRes/tmp/operateVolume.vol -o Runs/010857_XmippProtDeepRes/extra/originalVolume.vol --fourier low_pass 0.37125[0m
Filter Band: Lowpass before 0.37125
Filter Shape: Raised cosine with 0.02 raised frequencies
Input File: Runs/010857_XmippProtDeepRes/tmp/operateVolume.vol
Output File: Runs/010857_XmippProtDeepRes/extra/originalVolume.vol
[32mxmipp_image_resize  -i Runs/010857_XmippProtDeepRes/extra/originalVolume.vol -o Runs/010857_XmippProtDeepRes/extra/originalVolume.vol --factor 0.7425[0m
[1;35m=== XMIPP_WARNING ===
Do not apply large scale factor using B-splines choose fourier option.[0m
Input File: Runs/010857_XmippProtDeepRes/extra/originalVolume.vol
Output File: Runs/010857_XmippProtDeepRes/extra/originalVolume.vol
[32mxmipp_transform_threshold  -i Runs/010857_XmippProtDeepRes/extra/binaryMask.vol -o Runs/010857_XmippProtDeepRes/extra/binaryMask.vol --select below 0.150000 --substitute binarize[0m
Input File: Runs/010857_XmippProtDeepRes/extra/binaryMask.vol
Output File: Runs/010857_XmippProtDeepRes/extra/binaryMask.vol
Selection method:    below
Threshold:           0.15
Substitution method: binarize
[35mFINISHED[0m: resizeStep, step 3, time 2020-11-16 12:46:49.408835
[35mSTARTED[0m: resolutionStep, step 4, time 2020-11-16 12:46:49.429467
[32mxmipp_deepRes_resolution  -dl /home/scipion/scipion3/software/em/xmipp/models/deepRes/model_w13.h5 -i  Runs/010857_XmippProtDeepRes/extra/originalVolume.vol -m  Runs/010857_XmippProtDeepRes/extra/binaryMask.vol -s  0.742500 -o  Runs/010857_XmippProtDeepRes/extra/deepRes_resolution.vol[0m
Using TensorFlow backend.
WARNING:tensorflow:From /home/scipion/miniconda3/envs/xmipp_DLTK_v0.3/lib/python3.7/site-packages/keras/backend/tensorflow_backend.py:74: The name tf.get_default_graph is deprecated. Please use tf.compat.v1.get_default_graph instead.

WARNING:tensorflow:From /home/scipion/miniconda3/envs/xmipp_DLTK_v0.3/lib/python3.7/site-packages/keras/backend/tensorflow_backend.py:517: The name tf.placeholder is deprecated. Please use tf.compat.v1.placeholder instead.

WARNING:tensorflow:From /home/scipion/miniconda3/envs/xmipp_DLTK_v0.3/lib/python3.7/site-packages/keras/backend/tensorflow_backend.py:4138: The name tf.random_uniform is deprecated. Please use tf.random.uniform instead.

WARNING:tensorflow:From /home/scipion/miniconda3/envs/xmipp_DLTK_v0.3/lib/python3.7/site-packages/keras/backend/tensorflow_backend.py:133: The name tf.placeholder_with_default is deprecated. Please use tf.compat.v1.placeholder_with_default instead.

WARNING:tensorflow:From /home/scipion/miniconda3/envs/xmipp_DLTK_v0.3/lib/python3.7/site-packages/keras/backend/tensorflow_backend.py:3445: calling dropout (from tensorflow.python.ops.nn_ops) with keep_prob is deprecated and will be removed in a future version.
Instructions for updating:
Please use `rate` instead of `keep_prob`. Rate should be set to `rate = 1 - keep_prob`.
WARNING:tensorflow:From /home/scipion/miniconda3/envs/xmipp_DLTK_v0.3/lib/python3.7/site-packages/keras/backend/tensorflow_backend.py:174: The name tf.get_default_session is deprecated. Please use tf.compat.v1.get_default_session instead.

WARNING:tensorflow:From /home/scipion/miniconda3/envs/xmipp_DLTK_v0.3/lib/python3.7/site-packages/keras/backend/tensorflow_backend.py:181: The name tf.ConfigProto is deprecated. Please use tf.compat.v1.ConfigProto instead.

WARNING:tensorflow:From /home/scipion/miniconda3/envs/xmipp_DLTK_v0.3/lib/python3.7/site-packages/keras/backend/tensorflow_backend.py:186: The name tf.Session is deprecated. Please use tf.compat.v1.Session instead.

2020-11-16 12:46:58.002969: I tensorflow/core/platform/cpu_feature_guard.cc:142] Your CPU supports instructions that this TensorFlow binary was not compiled to use: SSE4.1 SSE4.2 AVX AVX2 AVX512F FMA
2020-11-16 12:46:58.046810: I tensorflow/core/platform/profile_utils/cpu_utils.cc:94] CPU Frequency: 2499995000 Hz
2020-11-16 12:46:58.046996: I tensorflow/compiler/xla/service/service.cc:168] XLA service 0x55c2fbb51e60 initialized for platform Host (this does not guarantee that XLA will be used). Devices:
2020-11-16 12:46:58.047552: I tensorflow/compiler/xla/service/service.cc:176]   StreamExecutor device (0): Host, Default Version
2020-11-16 12:46:58.052425: I tensorflow/stream_executor/platform/default/dso_loader.cc:44] Successfully opened dynamic library libcuda.so.1
2020-11-16 12:46:58.083037: I tensorflow/stream_executor/cuda/cuda_gpu_executor.cc:983] successful NUMA node read from SysFS had negative value (-1), but there must be at least one NUMA node, so returning NUMA node zero
2020-11-16 12:46:58.083918: I tensorflow/core/common_runtime/gpu/gpu_device.cc:1618] Found device 0 with properties: 
name: Tesla T4 major: 7 minor: 5 memoryClockRate(GHz): 1.59
pciBusID: 0000:00:1e.0
2020-11-16 12:46:58.089976: I tensorflow/stream_executor/platform/default/dso_loader.cc:44] Successfully opened dynamic library libcudart.so.10.0
2020-11-16 12:46:58.178640: I tensorflow/stream_executor/platform/default/dso_loader.cc:44] Successfully opened dynamic library libcublas.so.10.0
2020-11-16 12:46:58.218590: I tensorflow/stream_executor/platform/default/dso_loader.cc:44] Successfully opened dynamic library libcufft.so.10.0
2020-11-16 12:46:58.232425: I tensorflow/stream_executor/platform/default/dso_loader.cc:44] Successfully opened dynamic library libcurand.so.10.0
2020-11-16 12:46:58.351543: I tensorflow/stream_executor/platform/default/dso_loader.cc:44] Successfully opened dynamic library libcusolver.so.10.0
2020-11-16 12:46:58.417105: I tensorflow/stream_executor/platform/default/dso_loader.cc:44] Successfully opened dynamic library libcusparse.so.10.0
2020-11-16 12:46:58.591718: I tensorflow/stream_executor/platform/default/dso_loader.cc:44] Successfully opened dynamic library libcudnn.so.7
2020-11-16 12:46:58.591949: I tensorflow/stream_executor/cuda/cuda_gpu_executor.cc:983] successful NUMA node read from SysFS had negative value (-1), but there must be at least one NUMA node, so returning NUMA node zero
2020-11-16 12:46:58.593058: I tensorflow/stream_executor/cuda/cuda_gpu_executor.cc:983] successful NUMA node read from SysFS had negative value (-1), but there must be at least one NUMA node, so returning NUMA node zero
2020-11-16 12:46:58.594115: I tensorflow/core/common_runtime/gpu/gpu_device.cc:1746] Adding visible gpu devices: 0
2020-11-16 12:46:58.595637: I tensorflow/stream_executor/platform/default/dso_loader.cc:44] Successfully opened dynamic library libcudart.so.10.0
2020-11-16 12:46:58.694388: I tensorflow/core/common_runtime/gpu/gpu_device.cc:1159] Device interconnect StreamExecutor with strength 1 edge matrix:
2020-11-16 12:46:58.694431: I tensorflow/core/common_runtime/gpu/gpu_device.cc:1165]      0 
2020-11-16 12:46:58.694449: I tensorflow/core/common_runtime/gpu/gpu_device.cc:1178] 0:   N 
2020-11-16 12:46:58.694669: I tensorflow/stream_executor/cuda/cuda_gpu_executor.cc:983] successful NUMA node read from SysFS had negative value (-1), but there must be at least one NUMA node, so returning NUMA node zero
2020-11-16 12:46:58.695827: I tensorflow/stream_executor/cuda/cuda_gpu_executor.cc:983] successful NUMA node read from SysFS had negative value (-1), but there must be at least one NUMA node, so returning NUMA node zero
2020-11-16 12:46:58.696858: I tensorflow/stream_executor/cuda/cuda_gpu_executor.cc:983] successful NUMA node read from SysFS had negative value (-1), but there must be at least one NUMA node, so returning NUMA node zero
2020-11-16 12:46:58.697791: I tensorflow/core/common_runtime/gpu/gpu_device.cc:1304] Created TensorFlow device (/job:localhost/replica:0/task:0/device:GPU:0 with 14228 MB memory) -> physical GPU (device: 0, name: Tesla T4, pci bus id: 0000:00:1e.0, compute capability: 7.5)
2020-11-16 12:46:58.703123: I tensorflow/compiler/xla/service/service.cc:168] XLA service 0x55c2fc92e910 initialized for platform CUDA (this does not guarantee that XLA will be used). Devices:
2020-11-16 12:46:58.703150: I tensorflow/compiler/xla/service/service.cc:176]   StreamExecutor device (0): Tesla T4, Compute Capability 7.5
WARNING:tensorflow:From /home/scipion/miniconda3/envs/xmipp_DLTK_v0.3/lib/python3.7/site-packages/keras/backend/tensorflow_backend.py:190: The name tf.global_variables is deprecated. Please use tf.compat.v1.global_variables instead.

WARNING:tensorflow:From /home/scipion/miniconda3/envs/xmipp_DLTK_v0.3/lib/python3.7/site-packages/keras/backend/tensorflow_backend.py:199: The name tf.is_variable_initialized is deprecated. Please use tf.compat.v1.is_variable_initialized instead.

WARNING:tensorflow:From /home/scipion/miniconda3/envs/xmipp_DLTK_v0.3/lib/python3.7/site-packages/keras/backend/tensorflow_backend.py:206: The name tf.variables_initializer is deprecated. Please use tf.compat.v1.variables_initializer instead.

WARNING:tensorflow:From /home/scipion/miniconda3/envs/xmipp_DLTK_v0.3/lib/python3.7/site-packages/keras/optimizers.py:790: The name tf.train.Optimizer is deprecated. Please use tf.compat.v1.train.Optimizer instead.

WARNING:tensorflow:From /home/scipion/miniconda3/envs/xmipp_DLTK_v0.3/lib/python3.7/site-packages/keras/backend/tensorflow_backend.py:986: The name tf.assign_add is deprecated. Please use tf.compat.v1.assign_add instead.

WARNING:tensorflow:From /home/scipion/miniconda3/envs/xmipp_DLTK_v0.3/lib/python3.7/site-packages/keras/backend/tensorflow_backend.py:973: The name tf.assign is deprecated. Please use tf.compat.v1.assign instead.

2020-11-16 12:47:23.403864: I tensorflow/stream_executor/platform/default/dso_loader.cc:44] Successfully opened dynamic library libcublas.so.10.0
2020-11-16 12:47:24.392777: I tensorflow/stream_executor/platform/default/dso_loader.cc:44] Successfully opened dynamic library libcudnn.so.7
2020-11-16 12:47:27.864847: E tensorflow/stream_executor/cuda/ptxas_utils.cc:110] You are using ptxas 8.x, but TF requires ptxas 9.x (and strongly prefers >= 9.2.88).  Compilation of XLA kernels below will likely fail.

You do not need to update CUDA; cherry-picking the ptxas binary is sufficient.
2020-11-16 12:47:27.913211: W tensorflow/stream_executor/cuda/redzone_allocator.cc:312] Internal: ptxas exited with non-zero error code 65280, output: ptxas fatal   : Value 'sm_75' is not defined for option 'gpu-name'

Relying on driver to perform ptx compilation. This message will be only logged once.
[35mFINISHED[0m: resolutionStep, step 4, time 2020-11-16 12:48:41.012989
[35mSTARTED[0m: createOutputStep, step 5, time 2020-11-16 12:48:41.021510
[35mFINISHED[0m: createOutputStep, step 5, time 2020-11-16 12:49:03.521025
[35mSTARTED[0m: createHistrogram, step 6, time 2020-11-16 12:49:03.531473
[32mxmipp_image_histogram  -i Runs/010857_XmippProtDeepRes/extra/deepRes_resolution.vol --mask binary_file Runs/010857_XmippProtDeepRes/extra/binaryMask.vol --steps 16.000000 --range 2.980000 6.900000 -o Runs/010857_XmippProtDeepRes/extra/hist.xmd[0m
[35mFINISHED[0m: createHistrogram, step 6, time 2020-11-16 12:49:03.670029
*** Last status is finished 
Cleaning temp folder....
[32m------------------- PROTOCOL FINISHED[0m
