[32mRUNNING PROTOCOL -----------------[0m
Hostname: ip-172-31-13-159.eu-west-1.compute.internal
PID: 29314
pyworkflow: 3.0.6
plugin: xmipp3
currentDir: /home/scipion/ScipionUserData/projects/Example_10248_Scipion3
workingDir: Runs/011115_XmippProtCropResizeVolumes
runMode: Continue
          MPI: 1
      threads: 2
 Starting at step: 1
 Running steps 
[35mSTARTED[0m: convertInputStep, step 1, time 2020-11-16 14:36:31.736000
[35mFINISHED[0m: convertInputStep, step 1, time 2020-11-16 14:36:31.740825
[35mSTARTED[0m: resizeStep, step 2, time 2020-11-16 14:36:31.750389
[32mxmipp_image_resize -i Runs/011072_XmippProtDeepRes/extra/deepRes_resolution.vol -o Runs/011115_XmippProtCropResizeVolumes/extra/output_volume.vol  --factor 1.351351[0m
[1;35m=== XMIPP_WARNING ===
Do not apply large scale factor using B-splines choose fourier option.[0m
Input File: Runs/011072_XmippProtDeepRes/extra/deepRes_resolution.vol
Output File: Runs/011115_XmippProtCropResizeVolumes/extra/output_volume.vol
[35mFINISHED[0m: resizeStep, step 2, time 2020-11-16 14:36:38.213864
[35mSTARTED[0m: windowStep, step 3, time 2020-11-16 14:36:38.222499
[32mxmipp_transform_window -i Runs/011115_XmippProtCropResizeVolumes/extra/output_volume.vol --size 250 [0m
Input File: Runs/011115_XmippProtCropResizeVolumes/extra/output_volume.vol
New size: (XxYxZ)=250x250x250
[35mFINISHED[0m: windowStep, step 3, time 2020-11-16 14:36:38.475070
[35mSTARTED[0m: createOutputStep, step 4, time 2020-11-16 14:36:38.497962
[35mFINISHED[0m: createOutputStep, step 4, time 2020-11-16 14:36:38.503292
*** Last status is finished 
Cleaning temp folder....
[32m------------------- PROTOCOL FINISHED[0m
