[32mRUNNING PROTOCOL -----------------[0m
Hostname: ip-172-31-13-159.eu-west-1.compute.internal
PID: 27022
pyworkflow: 3.0.6
plugin: cryosparc2
plugin v: 3.1.6
currentDir: /home/scipion/ScipionUserData/projects/Example_10248_Scipion3
workingDir: Runs/007846_ProtCryoSparcInitialModel
runMode: Restart
          MPI: 1
      threads: 1
 Starting at step: 1
 Running steps 
[35mSTARTED[0m: convertInputStep, step 1, time 2020-11-15 13:18:47.217844
convertBinaryFiles: creating soft links.
   Root: Runs/007846_ProtCryoSparcInitialModel/tmp/input -> Runs/007502_XmippProtExtractParticles/extra
[33mImporting particles...[0m
[32mRunning: /home/scipion/cryosparc2/cryosparc2_master/bin/cryosparcm cli 'make_job("import_particles","P2","W4", "scipion", "None", "None", {"particle_meta_path": "/home/scipion/ScipionUserData/projects/Example_10248_Scipion3/Runs/007846_ProtCryoSparcInitialModel/tmp/input_particles.star", "particle_blob_path": "/home/scipion/ScipionUserData/projects/Example_10248_Scipion3/Runs/007846_ProtCryoSparcInitialModel/tmp", "psize_A": "1.2375"}, {})'[0m
[32mGot J7 for JobId[0m
[32mRunning: /home/scipion/cryosparc2/cryosparc2_master/bin/cryosparcm cli 'enqueue_job("P2","J7","default", "ip-172-31-13-159.eu-west-1.compute.internal", False)'[0m
[35mFINISHED[0m: convertInputStep, step 1, time 2020-11-15 13:19:00.524467
[35mSTARTED[0m: processStep, step 2, time 2020-11-15 13:19:00.532193
[33mAb Initial Model Generation Started...[0m
[32mRunning: /home/scipion/cryosparc2/cryosparc2_master/bin/cryosparcm cli 'make_job("homo_abinit","P2","W4", "scipion", "None", "None", {"abinit_K": "1", "abinit_max_res": "12.0", "abinit_init_res": "35.0", "abinit_num_init_iters": "200", "abinit_num_final_iters": "300", "abinit_radwn_step": "0.04", "abinit_window": "True", "abinit_center": "True", "abinit_scale_mg_correct": "False", "abinit_scale_compute": "False", "abinit_mom": "0.0", "abinit_sparsity": "0.0", "abinit_minisize_init": "90", "abinit_minisize": "300", "abinit_minisize_epsilon": "0.05", "abinit_minisize_minp": "0.01", "abinit_minisize_num_init_iters": "300", "abinit_noise_model": "symmetric", "abinit_noise_priorw": "50", "abinit_noise_initw": "5000", "abinit_class_anneal_beta": "0.1", "abinit_class_anneal_start": "300", "abinit_class_anneal_end": "350", "abinit_target_initial_ess_fraction": "0.011", "abinit_symmetry": "O", "abinit_r_grid": "25.0", "abinit_high_lr_duration": "100.0", "abinit_high_lr": "0.4", "abinit_nonneg": "True", "abinit_ignore_dc": "True", "abinit_init_radwn_cutoff": "7", "abinit_search_start_iter": "200", "abinit_use_engine": "True", "intermediate_plots": "True", "compute_use_ssd": "True"}, {"particles": "J7.imported_particles"})'[0m
[32mGot J8 for JobId[0m
[32mRunning: /home/scipion/cryosparc2/cryosparc2_master/bin/cryosparcm cli 'enqueue_job("P2","J8","default", "ip-172-31-13-159.eu-west-1.compute.internal", [0])'[0m
[35mFINISHED[0m: processStep, step 2, time 2020-11-15 13:24:20.870172
[35mSTARTED[0m: createOutputStep, step 3, time 2020-11-15 13:24:20.877957
[33mCreating the output...[0m
Detected CryoSPARC 2+ .cs file
Reading primary file
Assigning parameters 2D classes or single 3D class
Directly copied fields: rlnVoltage, rlnDetectorPixelSize, rlnAmplitudeContrast, rlnSphericalAberration, rlnDefocusU, rlnDefocusV, rlnDefocusAngle, rlnPhaseShift, rlnRandomSubset, rlnOriginX, rlnOriginY, rlnAngleRot, rlnAngleTilt, rlnAnglePsi, rlnClassNumber, rlnImageName, rlnMagnification
Converting DEFOCUSANGLE from degrees to radians
Converting PHASESHIFT from degrees to radians
Changing RANDOMSUBSET to 1-based index
Changing CLASS to 1-based index
Converting Rodrigues coordinates to Euler angles
Converted Rodrigues coordinates to Euler angles
Output fields: rlnVoltage, rlnDetectorPixelSize, rlnAmplitudeContrast, rlnSphericalAberration, rlnDefocusU, rlnDefocusV, rlnDefocusAngle, rlnPhaseShift, rlnRandomSubset, rlnOriginX, rlnOriginY, rlnAngleRot, rlnAngleTilt, rlnAnglePsi, rlnClassNumber, rlnImageName, rlnMagnification
Scaling CS averages file to match particle size (64 -> 120).
The CS averages could not be scaled. scaleSplines() missing 1 required positional argument: 'scaleFactor' 
[35mFINISHED[0m: createOutputStep, step 3, time 2020-11-15 13:24:28.811109
*** Last status is finished 
Cleaning temp folder....
[32m------------------- PROTOCOL FINISHED[0m
