[32mRUNNING PROTOCOL -----------------[0m
Hostname: ip-172-31-13-159.eu-west-1.compute.internal
PID: 10868
pyworkflow: 3.0.6
plugin: xmipp3
currentDir: /home/scipion/ScipionUserData/projects/Example_10248_Scipion3
workingDir: Runs/008661_XmippProtCropResizeVolumes
runMode: Continue
          MPI: 1
      threads: 2
 Starting at step: 1
 Running steps 
[35mSTARTED[0m: convertInputStep, step 1, time 2020-11-15 14:12:29.852694
[35mFINISHED[0m: convertInputStep, step 1, time 2020-11-15 14:12:29.858131
[35mSTARTED[0m: resizeStep, step 2, time 2020-11-15 14:12:29.864610
[32mxmipp_image_resize -i 000001@Runs/007846_ProtCryoSparcInitialModel/extra/J8/cryosparc_P2_J8_class_00_final_volume.mrc:mrc -o Runs/008661_XmippProtCropResizeVolumes/extra/output_volume.vol  --factor 1.871220[0m
[1;35m=== XMIPP_WARNING ===
Do not apply large scale factor using B-splines choose fourier option.[0m
Input File: 000001@Runs/007846_ProtCryoSparcInitialModel/extra/J8/cryosparc_P2_J8_class_00_final_volume.mrc:mrc
Output File: Runs/008661_XmippProtCropResizeVolumes/extra/output_volume.vol
[35mFINISHED[0m: resizeStep, step 2, time 2020-11-15 14:12:30.573574
[35mSTARTED[0m: windowStep, step 3, time 2020-11-15 14:12:30.581228
[32mxmipp_transform_window -i Runs/008661_XmippProtCropResizeVolumes/extra/output_volume.vol --size 120 [0m
Input File: Runs/008661_XmippProtCropResizeVolumes/extra/output_volume.vol
New size: (XxYxZ)=120x120x120
[35mFINISHED[0m: windowStep, step 3, time 2020-11-15 14:12:30.620548
[35mSTARTED[0m: createOutputStep, step 4, time 2020-11-15 14:12:30.641928
[35mFINISHED[0m: createOutputStep, step 4, time 2020-11-15 14:12:30.646600
*** Last status is finished 
Cleaning temp folder....
[32m------------------- PROTOCOL FINISHED[0m
