[32mRUNNING PROTOCOL -----------------[0m
Hostname: ip-172-31-13-159.eu-west-1.compute.internal
PID: 23785
pyworkflow: 3.0.6
plugin: xmipp3
currentDir: /home/scipion/ScipionUserData/projects/Example_10248_Scipion3
workingDir: Runs/008886_XmippProtCropResizeVolumes
runMode: Continue
          MPI: 1
      threads: 2
 Starting at step: 1
 Running steps 
[35mSTARTED[0m: convertInputStep, step 1, time 2020-11-15 14:51:20.106551
[35mFINISHED[0m: convertInputStep, step 1, time 2020-11-15 14:51:20.109829
[35mSTARTED[0m: resizeStep, step 2, time 2020-11-15 14:51:20.116907
[32mxmipp_image_resize -i Runs/008819_XmippProtReconstructSwarm/extra/volumeAvg.vol -o Runs/008886_XmippProtCropResizeVolumes/extra/output_volume.vol  --factor 1.672297[0m
[1;35m=== XMIPP_WARNING ===
Do not apply large scale factor using B-splines choose fourier option.[0m
Input File: Runs/008819_XmippProtReconstructSwarm/extra/volumeAvg.vol
Output File: Runs/008886_XmippProtCropResizeVolumes/extra/output_volume.vol
[35mFINISHED[0m: resizeStep, step 2, time 2020-11-15 14:51:23.498331
[35mSTARTED[0m: windowStep, step 3, time 2020-11-15 14:51:23.506042
[32mxmipp_transform_window -i Runs/008886_XmippProtCropResizeVolumes/extra/output_volume.vol --size 250 [0m
Input File: Runs/008886_XmippProtCropResizeVolumes/extra/output_volume.vol
New size: (XxYxZ)=250x250x250
[35mFINISHED[0m: windowStep, step 3, time 2020-11-15 14:51:23.733264
[35mSTARTED[0m: createOutputStep, step 4, time 2020-11-15 14:51:23.750403
[35mFINISHED[0m: createOutputStep, step 4, time 2020-11-15 14:51:23.755356
*** Last status is finished 
Cleaning temp folder....
[32m------------------- PROTOCOL FINISHED[0m
